Received: GET /shreyas HTTP/1.1
Host: localhost:8081
Connection: keep-alive
sec-ch-ua: "Chromium";v="130", "Google Chrome";v="130", "Not?A_Brand";v="99"
sec-ch-ua-mobile: ?0
sec-ch-ua-platform: "macOS"
Upgrade-Insecure-Requests: 1
User-Agent: Mozilla/5.0 (Macintosh; Intel Mac OS X 10_15_7) AppleWebKit/537.36 (KHTML, like Gecko) Chrome/130.0.0.0 Safari/537.36
Accept: text/html,application/xhtml+xml,application/xml;q=0.9,image/avif,image/webp,image/apng,*/*;q=0.8,application/signed-exchange;v=b3;q=0.7
Sec-Fetch-Site: none
Sec-Fetch-Mode: navigate
Sec-Fetch-User: ?1
Sec-Fetch-Dest: document
Accept-Encoding: gzip, deflate, br, zstd
Accept-Language: en-US,en;q=0.9


404 Not Found for request: GET /shreyas HTTP/1.1
Host: localhost:8081
Connection: keep-alive
sec-ch-ua: "Chromium";v="130", "Google Chrome";v="130", "Not?A_Brand";v="99"
sec-ch-ua-mobile: ?0
sec-ch-ua-platform: "macOS"
Upgrade-Insecure-Requests: 1
User-Agent: Mozilla/5.0 (Macintosh; Intel Mac OS X 10_15_7) AppleWebKit/537.36 (KHTML, like Gecko) Chrome/130.0.0.0 Safari/537.36
Accept: text/html,application/xhtml+xml,application/xml;q=0.9,image/avif,image/webp,image/apng,*/*;q=0.8,application/signed-exchange;v=b3;q=0.7
Sec-Fetch-Site: none
Sec-Fetch-Mode: navigate
Sec-Fetch-User: ?1
Sec-Fetch-Dest: document
Accept-Encoding: gzip, deflate, br, zstd
Accept-Language: en-US,en;q=0.9


Response sent: HTTP/1.1 404 Not Found


Received: GET /dynamic HTTP/1.1
Host: localhost:8081
Connection: keep-alive
sec-ch-ua: "Chromium";v="130", "Google Chrome";v="130", "Not?A_Brand";v="99"
sec-ch-ua-mobile: ?0
sec-ch-ua-platform: "macOS"
Upgrade-Insecure-Requests: 1
User-Agent: Mozilla/5.0 (Macintosh; Intel Mac OS X 10_15_7) AppleWebKit/537.36 (KHTML, like Gecko) Chrome/130.0.0.0 Safari/537.36
Accept: text/html,application/xhtml+xml,application/xml;q=0.9,image/avif,image/webp,image/apng,*/*;q=0.8,application/signed-exchange;v=b3;q=0.7
Sec-Fetch-Site: none
Sec-Fetch-Mode: navigate
Sec-Fetch-User: ?1
Sec-Fetch-Dest: document
Accept-Encoding: gzip, deflate, br, zstd
Accept-Language: en-US,en;q=0.9


Response sent: HTTP/1.1 200 OK
Content-Length: 141

<!DOCTYPE html>
<html>
<head>
    <title>Dynamic Content</title>
</head>
<body>
    <h1>Hello, this is dynamic content!</h1>
</body>
</html>

Received: GET /favicon.ico HTTP/1.1
Host: localhost:8081
Connection: keep-alive
sec-ch-ua-platform: "macOS"
User-Agent: Mozilla/5.0 (Macintosh; Intel Mac OS X 10_15_7) AppleWebKit/537.36 (KHTML, like Gecko) Chrome/130.0.0.0 Safari/537.36
sec-ch-ua: "Chromium";v="130", "Google Chrome";v="130", "Not?A_Brand";v="99"
sec-ch-ua-mobile: ?0
Accept: image/avif,image/webp,image/apng,image/svg+xml,image/*,*/*;q=0.8
Sec-Fetch-Site: same-origin
Sec-Fetch-Mode: no-cors
Sec-Fetch-Dest: image
Referer: http://localhost:8081/dynamic
Accept-Encoding: gzip, deflate, br, zstd
Accept-Language: en-US,en;q=0.9


404 Not Found for request: GET /favicon.ico HTTP/1.1
Host: localhost:8081
Connection: keep-alive
sec-ch-ua-platform: "macOS"
User-Agent: Mozilla/5.0 (Macintosh; Intel Mac OS X 10_15_7) AppleWebKit/537.36 (KHTML, like Gecko) Chrome/130.0.0.0 Safari/537.36
sec-ch-ua: "Chromium";v="130", "Google Chrome";v="130", "Not?A_Brand";v="99"
sec-ch-ua-mobile: ?0
Accept: image/avif,image/webp,image/apng,image/svg+xml,image/*,*/*;q=0.8
Sec-Fetch-Site: same-origin
Sec-Fetch-Mode: no-cors
Sec-Fetch-Dest: image
Referer: http://localhost:8081/dynamic
Accept-Encoding: gzip, deflate, br, zstd
Accept-Language: en-US,en;q=0.9


Response sent: HTTP/1.1 404 Not Found


Received: GET /shreyas HTTP/1.1
Host: localhost:8081
Connection: keep-alive
sec-ch-ua: "Chromium";v="130", "Google Chrome";v="130", "Not?A_Brand";v="99"
sec-ch-ua-mobile: ?0
sec-ch-ua-platform: "macOS"
Upgrade-Insecure-Requests: 1
User-Agent: Mozilla/5.0 (Macintosh; Intel Mac OS X 10_15_7) AppleWebKit/537.36 (KHTML, like Gecko) Chrome/130.0.0.0 Safari/537.36
Accept: text/html,application/xhtml+xml,application/xml;q=0.9,image/avif,image/webp,image/apng,*/*;q=0.8,application/signed-exchange;v=b3;q=0.7
Sec-Fetch-Site: none
Sec-Fetch-Mode: navigate
Sec-Fetch-User: ?1
Sec-Fetch-Dest: document
Accept-Encoding: gzip, deflate, br, zstd
Accept-Language: en-US,en;q=0.9


404 Not Found for request: GET /shreyas HTTP/1.1
Host: localhost:8081
Connection: keep-alive
sec-ch-ua: "Chromium";v="130", "Google Chrome";v="130", "Not?A_Brand";v="99"
sec-ch-ua-mobile: ?0
sec-ch-ua-platform: "macOS"
Upgrade-Insecure-Requests: 1
User-Agent: Mozilla/5.0 (Macintosh; Intel Mac OS X 10_15_7) AppleWebKit/537.36 (KHTML, like Gecko) Chrome/130.0.0.0 Safari/537.36
Accept: text/html,application/xhtml+xml,application/xml;q=0.9,image/avif,image/webp,image/apng,*/*;q=0.8,application/signed-exchange;v=b3;q=0.7
Sec-Fetch-Site: none
Sec-Fetch-Mode: navigate
Sec-Fetch-User: ?1
Sec-Fetch-Dest: document
Accept-Encoding: gzip, deflate, br, zstd
Accept-Language: en-US,en;q=0.9


Response sent: HTTP/1.1 404 Not Found


Received: GET /invalid HTTP/1.1
Host: localhost:8081
Connection: keep-alive
sec-ch-ua: "Chromium";v="130", "Google Chrome";v="130", "Not?A_Brand";v="99"
sec-ch-ua-mobile: ?0
sec-ch-ua-platform: "macOS"
Upgrade-Insecure-Requests: 1
User-Agent: Mozilla/5.0 (Macintosh; Intel Mac OS X 10_15_7) AppleWebKit/537.36 (KHTML, like Gecko) Chrome/130.0.0.0 Safari/537.36
Accept: text/html,application/xhtml+xml,application/xml;q=0.9,image/avif,image/webp,image/apng,*/*;q=0.8,application/signed-exchange;v=b3;q=0.7
Sec-Fetch-Site: none
Sec-Fetch-Mode: navigate
Sec-Fetch-User: ?1
Sec-Fetch-Dest: document
Accept-Encoding: gzip, deflate, br, zstd
Accept-Language: en-US,en;q=0.9


404 Not Found for request: GET /invalid HTTP/1.1
Host: localhost:8081
Connection: keep-alive
sec-ch-ua: "Chromium";v="130", "Google Chrome";v="130", "Not?A_Brand";v="99"
sec-ch-ua-mobile: ?0
sec-ch-ua-platform: "macOS"
Upgrade-Insecure-Requests: 1
User-Agent: Mozilla/5.0 (Macintosh; Intel Mac OS X 10_15_7) AppleWebKit/537.36 (KHTML, like Gecko) Chrome/130.0.0.0 Safari/537.36
Accept: text/html,application/xhtml+xml,application/xml;q=0.9,image/avif,image/webp,image/apng,*/*;q=0.8,application/signed-exchange;v=b3;q=0.7
Sec-Fetch-Site: none
Sec-Fetch-Mode: navigate
Sec-Fetch-User: ?1
Sec-Fetch-Dest: document
Accept-Encoding: gzip, deflate, br, zstd
Accept-Language: en-US,en;q=0.9


Response sent: HTTP/1.1 404 Not Found


Received: GET / HTTP/1.1
Host: localhost:8080
Connection: keep-alive
sec-ch-ua: "Chromium";v="130", "Google Chrome";v="130", "Not?A_Brand";v="99"
sec-ch-ua-mobile: ?0
sec-ch-ua-platform: "macOS"
Upgrade-Insecure-Requests: 1
User-Agent: Mozilla/5.0 (Macintosh; Intel Mac OS X 10_15_7) AppleWebKit/537.36 (KHTML, like Gecko) Chrome/130.0.0.0 Safari/537.36
Accept: text/html,application/xhtml+xml,application/xml;q=0.9,image/avif,image/webp,image/apng,*/*;q=0.8,application/signed-exchange;v=b3;q=0.7
Sec-Fetch-Site: none
Sec-Fetch-Mode: navigate
Sec-Fetch-User: ?1
Sec-Fetch-Dest: document
Accept-Encoding: gzip, deflate, br, zstd
Accept-Language: en-US,en;q=0.9


404 Not Found for request: GET / HTTP/1.1
Host: localhost:8080
Connection: keep-alive
sec-ch-ua: "Chromium";v="130", "Google Chrome";v="130", "Not?A_Brand";v="99"
sec-ch-ua-mobile: ?0
sec-ch-ua-platform: "macOS"
Upgrade-Insecure-Requests: 1
User-Agent: Mozilla/5.0 (Macintosh; Intel Mac OS X 10_15_7) AppleWebKit/537.36 (KHTML, like Gecko) Chrome/130.0.0.0 Safari/537.36
Accept: text/html,application/xhtml+xml,application/xml;q=0.9,image/avif,image/webp,image/apng,*/*;q=0.8,application/signed-exchange;v=b3;q=0.7
Sec-Fetch-Site: none
Sec-Fetch-Mode: navigate
Sec-Fetch-User: ?1
Sec-Fetch-Dest: document
Accept-Encoding: gzip, deflate, br, zstd
Accept-Language: en-US,en;q=0.9


Response sent: HTTP/1.1 404 Not Found


Received: GET /dynamic HTTP/1.1
Host: localhost:8080
Connection: keep-alive
sec-ch-ua: "Chromium";v="130", "Google Chrome";v="130", "Not?A_Brand";v="99"
sec-ch-ua-mobile: ?0
sec-ch-ua-platform: "macOS"
Upgrade-Insecure-Requests: 1
User-Agent: Mozilla/5.0 (Macintosh; Intel Mac OS X 10_15_7) AppleWebKit/537.36 (KHTML, like Gecko) Chrome/130.0.0.0 Safari/537.36
Accept: text/html,application/xhtml+xml,application/xml;q=0.9,image/avif,image/webp,image/apng,*/*;q=0.8,application/signed-exchange;v=b3;q=0.7
Sec-Fetch-Site: none
Sec-Fetch-Mode: navigate
Sec-Fetch-User: ?1
Sec-Fetch-Dest: document
Accept-Encoding: gzip, deflate, br, zstd
Accept-Language: en-US,en;q=0.9


Response sent: HTTP/1.1 200 OK
Content-Type: text/html

<!DOCTYPE html>
<html>
<head>
    <title>Dynamic Content</title>
</head>
<body>
    <h1>Hello, Dynamic World!</h1>
</body>
</html>

Received: GET /favicon.ico HTTP/1.1
Host: localhost:8080
Connection: keep-alive
sec-ch-ua-platform: "macOS"
User-Agent: Mozilla/5.0 (Macintosh; Intel Mac OS X 10_15_7) AppleWebKit/537.36 (KHTML, like Gecko) Chrome/130.0.0.0 Safari/537.36
sec-ch-ua: "Chromium";v="130", "Google Chrome";v="130", "Not?A_Brand";v="99"
sec-ch-ua-mobile: ?0
Accept: image/avif,image/webp,image/apng,image/svg+xml,image/*,*/*;q=0.8
Sec-Fetch-Site: same-origin
Sec-Fetch-Mode: no-cors
Sec-Fetch-Dest: image
Referer: http://localhost:8080/dynamic
Accept-Encoding: gzip, deflate, br, zstd
Accept-Language: en-US,en;q=0.9


404 Not Found for request: GET /favicon.ico HTTP/1.1
Host: localhost:8080
Connection: keep-alive
sec-ch-ua-platform: "macOS"
User-Agent: Mozilla/5.0 (Macintosh; Intel Mac OS X 10_15_7) AppleWebKit/537.36 (KHTML, like Gecko) Chrome/130.0.0.0 Safari/537.36
sec-ch-ua: "Chromium";v="130", "Google Chrome";v="130", "Not?A_Brand";v="99"
sec-ch-ua-mobile: ?0
Accept: image/avif,image/webp,image/apng,image/svg+xml,image/*,*/*;q=0.8
Sec-Fetch-Site: same-origin
Sec-Fetch-Mode: no-cors
Sec-Fetch-Dest: image
Referer: http://localhost:8080/dynamic
Accept-Encoding: gzip, deflate, br, zstd
Accept-Language: en-US,en;q=0.9


Response sent: HTTP/1.1 404 Not Found


Received: GET /dynamic?a HTTP/1.1
Host: localhost:8080
Connection: keep-alive
sec-ch-ua: "Chromium";v="130", "Google Chrome";v="130", "Not?A_Brand";v="99"
sec-ch-ua-mobile: ?0
sec-ch-ua-platform: "macOS"
Upgrade-Insecure-Requests: 1
User-Agent: Mozilla/5.0 (Macintosh; Intel Mac OS X 10_15_7) AppleWebKit/537.36 (KHTML, like Gecko) Chrome/130.0.0.0 Safari/537.36
Accept: text/html,application/xhtml+xml,application/xml;q=0.9,image/avif,image/webp,image/apng,*/*;q=0.8,application/signed-exchange;v=b3;q=0.7
Sec-Fetch-Site: none
Sec-Fetch-Mode: navigate
Sec-Fetch-User: ?1
Sec-Fetch-Dest: document
Accept-Encoding: gzip, deflate, br, zstd
Accept-Language: en-US,en;q=0.9


Response sent: HTTP/1.1 200 OK
Content-Type: text/html

<!DOCTYPE html>
<html>
<head>
    <title>Dynamic Content</title>
</head>
<body>
    <h1>Hello, Dynamic World!</h1>
</body>
</html>

Received: 
405 Method Not Allowed for request: 
New connection. Active threads: 1
[Thread Count: 1] New connection. Active threads: 1
Received: GET /dynamic?a HTTP/1.1
Host: localhost:8080
Connection: keep-alive
Cache-Control: max-age=0
sec-ch-ua: "Chromium";v="130", "Google Chrome";v="130", "Not?A_Brand";v="99"
sec-ch-ua-mobile: ?0
sec-ch-ua-platform: "macOS"
Upgrade-Insecure-Requests: 1
User-Agent: Mozilla/5.0 (Macintosh; Intel Mac OS X 10_15_7) AppleWebKit/537.36 (KHTML, like Gecko) Chrome/130.0.0.0 Safari/537.36
Accept: text/html,application/xhtml+xml,application/xml;q=0.9,image/avif,image/webp,image/apng,*/*;q=0.8,application/signed-exchange;v=b3;q=0.7
Sec-Fetch-Site: none
Sec-Fetch-Mode: navigate
Sec-Fetch-User: ?1
Sec-Fetch-Dest: document
Accept-Encoding: gzip, deflate, br, zstd
Accept-Language: en-US,en;q=0.9


[Thread Count: 1] Received: GET /dynamic?a HTTP/1.1
Host: localhost:8080
Connection: keep-alive
Cache-Control: max-age=0
sec-ch-ua: "Chromium";v="130", "Google Chrome";v="130", "Not?A_Brand";v="99"
sec-ch-ua-mobile: ?0
sec-ch-ua-platform: "macOS"
Upgrade-Insecure-Requests: 1
User-Agent: Mozilla/5.0 (Macintosh; Intel Mac OS X 10_15_7) AppleWebKit/537.36 (KHTML, like Gecko) Chrome/130.0.0.0 Safari/537.36
Accept: text/html,application/xhtml+xml,application/xml;q=0.9,image/avif,image/webp,image/apng,*/*;q=0.8,application/signed-exchange;v=b3;q=0.7
Sec-Fetch-Site: none
Sec-Fetch-Mode: navigate
Sec-Fetch-User: ?1
Sec-Fetch-Dest: document
Accept-Encoding: gzip, deflate, br, zstd
Accept-Language: en-US,en;q=0.9


Response sent: HTTP/1.1 200 OK
Content-Type: text/html

<!DOCTYPE html>
<html>
<head>
    <title>Dynamic Content</title>
</head>
<body>
    <h1>Hello, Dynamic World!</h1>
</body>
</html>

[Thread Count: 1] Response sent: HTTP/1.1 200 OK
Content-Type: text/html

<!DOCTYPE html>
<html>
<head>
    <title>Dynamic Content</title>
</head>
<body>
    <h1>Hello, Dynamic World!</h1>
</body>
</html>

Connection closed. Active threads: 0
[Thread Count: 0] Connection closed. Active threads: 0
New connection. Active threads: 1
[Thread Count: 1] New connection. Active threads: 1
Received: 
[Thread Count: 1] Received: 
405 Method Not Allowed for request: 
[Thread Count: 1] 405 Method Not Allowed for request: 
New connection. Active threads: 2
[Thread Count: 2] New connection. Active threads: 2
Received: GET /dynamic?mad HTTP/1.1
Host: localhost:8080
Connection: keep-alive
sec-ch-ua: "Chromium";v="130", "Google Chrome";v="130", "Not?A_Brand";v="99"
sec-ch-ua-mobile: ?0
sec-ch-ua-platform: "macOS"
Upgrade-Insecure-Requests: 1
User-Agent: Mozilla/5.0 (Macintosh; Intel Mac OS X 10_15_7) AppleWebKit/537.36 (KHTML, like Gecko) Chrome/130.0.0.0 Safari/537.36
Accept: text/html,application/xhtml+xml,application/xml;q=0.9,image/avif,image/webp,image/apng,*/*;q=0.8,application/signed-exchange;v=b3;q=0.7
Sec-Fetch-Site: none
Sec-Fetch-Mode: navigate
Sec-Fetch-User: ?1
Sec-Fetch-Dest: document
Accept-Encoding: gzip, deflate, br, zstd
Accept-Language: en-US,en;q=0.9


[Thread Count: 2] Received: GET /dynamic?mad HTTP/1.1
Host: localhost:8080
Connection: keep-alive
sec-ch-ua: "Chromium";v="130", "Google Chrome";v="130", "Not?A_Brand";v="99"
sec-ch-ua-mobile: ?0
sec-ch-ua-platform: "macOS"
Upgrade-Insecure-Requests: 1
User-Agent: Mozilla/5.0 (Macintosh; Intel Mac OS X 10_15_7) AppleWebKit/537.36 (KHTML, like Gecko) Chrome/130.0.0.0 Safari/537.36
Accept: text/html,application/xhtml+xml,application/xml;q=0.9,image/avif,image/webp,image/apng,*/*;q=0.8,application/signed-exchange;v=b3;q=0.7
Sec-Fetch-Site: none
Sec-Fetch-Mode: navigate
Sec-Fetch-User: ?1
Sec-Fetch-Dest: document
Accept-Encoding: gzip, deflate, br, zstd
Accept-Language: en-US,en;q=0.9


New connection. Active threads: 3
[Thread Count: 3] New connection. Active threads: 3
Response sent: HTTP/1.1 200 OK
Content-Type: text/html

<!DOCTYPE html>
<html>
<head>
    <title>Dynamic Content</title>
</head>
<body>
    <h1>Hello, Dynamic World!</h1>
</body>
</html>

[Thread Count: 3] Response sent: HTTP/1.1 200 OK
Content-Type: text/html

<!DOCTYPE html>
<html>
<head>
    <title>Dynamic Content</title>
</head>
<body>
    <h1>Hello, Dynamic World!</h1>
</body>
</html>

Connection closed. Active threads: 2
[Thread Count: 2] Connection closed. Active threads: 2
Received: 
[Thread Count: 2] Received: 
405 Method Not Allowed for request: 
[Thread Count: 2] 405 Method Not Allowed for request: 
New connection. Active threads: 3
[Thread Count: 3] New connection. Active threads: 3
Received: GET /dynamic HTTP/1.1
Host: localhost:8080
Connection: keep-alive
sec-ch-ua: "Chromium";v="130", "Google Chrome";v="130", "Not?A_Brand";v="99"
sec-ch-ua-mobile: ?0
sec-ch-ua-platform: "macOS"
Upgrade-Insecure-Requests: 1
User-Agent: Mozilla/5.0 (Macintosh; Intel Mac OS X 10_15_7) AppleWebKit/537.36 (KHTML, like Gecko) Chrome/130.0.0.0 Safari/537.36
Accept: text/html,application/xhtml+xml,application/xml;q=0.9,image/avif,image/webp,image/apng,*/*;q=0.8,application/signed-exchange;v=b3;q=0.7
Sec-Fetch-Site: none
Sec-Fetch-Mode: navigate
Sec-Fetch-User: ?1
Sec-Fetch-Dest: document
Accept-Encoding: gzip, deflate, br, zstd
Accept-Language: en-US,en;q=0.9


[Thread Count: 3] Received: GET /dynamic HTTP/1.1
Host: localhost:8080
Connection: keep-alive
sec-ch-ua: "Chromium";v="130", "Google Chrome";v="130", "Not?A_Brand";v="99"
sec-ch-ua-mobile: ?0
sec-ch-ua-platform: "macOS"
Upgrade-Insecure-Requests: 1
User-Agent: Mozilla/5.0 (Macintosh; Intel Mac OS X 10_15_7) AppleWebKit/537.36 (KHTML, like Gecko) Chrome/130.0.0.0 Safari/537.36
Accept: text/html,application/xhtml+xml,application/xml;q=0.9,image/avif,image/webp,image/apng,*/*;q=0.8,application/signed-exchange;v=b3;q=0.7
Sec-Fetch-Site: none
Sec-Fetch-Mode: navigate
Sec-Fetch-User: ?1
Sec-Fetch-Dest: document
Accept-Encoding: gzip, deflate, br, zstd
Accept-Language: en-US,en;q=0.9


Response sent: HTTP/1.1 200 OK
Content-Type: text/html

<!DOCTYPE html>
<html>
<head>
    <title>Dynamic Content</title>
</head>
<body>
    <h1>Hello, Dynamic World!</h1>
</body>
</html>

[Thread Count: 3] Response sent: HTTP/1.1 200 OK
Content-Type: text/html

<!DOCTYPE html>
<html>
<head>
    <title>Dynamic Content</title>
</head>
<body>
    <h1>Hello, Dynamic World!</h1>
</body>
</html>

Connection closed. Active threads: 2
[Thread Count: 2] Connection closed. Active threads: 2
New connection. Active threads: 3
[Thread Count: 3] New connection. Active threads: 3
Received: 
[Thread Count: 3] Received: 
405 Method Not Allowed for request: 
[Thread Count: 3] 405 Method Not Allowed for request: 
Received: GET /dynamic HTTP/1.1
Host: localhost:8080
Connection: keep-alive
sec-ch-ua: "Chromium";v="130", "Google Chrome";v="130", "Not?A_Brand";v="99"
sec-ch-ua-mobile: ?0
sec-ch-ua-platform: "macOS"
Upgrade-Insecure-Requests: 1
User-Agent: Mozilla/5.0 (Macintosh; Intel Mac OS X 10_15_7) AppleWebKit/537.36 (KHTML, like Gecko) Chrome/130.0.0.0 Safari/537.36
Accept: text/html,application/xhtml+xml,application/xml;q=0.9,image/avif,image/webp,image/apng,*/*;q=0.8,application/signed-exchange;v=b3;q=0.7
Sec-Fetch-Site: none
Sec-Fetch-Mode: navigate
Sec-Fetch-User: ?1
Sec-Fetch-Dest: document
Accept-Encoding: gzip, deflate, br, zstd
Accept-Language: en-US,en;q=0.9


Response sent: HTTP/1.1 200 OK
Content-Type: text/html

<!DOCTYPE html>
<html>
<head>
    <title>Dynamic Content</title>
</head>
<body>
    <h1>Hello, Dynamic World!</h1>
</body>
</html>

Received: 
405 Method Not Allowed for request: 
